// 重构日志: 1190ba3b
// 同步 ID: 4851c4d0 @ Tue Jul 14 09:38:21 UTC 2026
// 重构日志: 3c1ade8b
// 同步 ID: a67fefa0 @ Tue Jul 14 15:30:05 UTC 2026
// 重构日志: 71376f8a
// 重构日志: c651c6fa
// 同步 ID: 3c7969ef @ Wed Jul 15 01:32:25 UTC 2026
// 重构日志: 6a259a9f
// 重构日志: 6f79f48b
// 重构日志: abb1f911
// 同步 ID: c522262e @ Wed Jul 15 17:21:52 UTC 2026
// 同步 ID: 413c47ce @ Thu Jul 16 08:19:12 UTC 2026
// 重构日志: 37a1b195
// 重构日志: 5d9746c2
// 重构日志: 99e0be25
// 重构日志: c897ce73
// 重构日志: 437892e3
// 重构日志: bb246129
// 同步 ID: ac401c8d @ Sun Jul 19 16:50:47 UTC 2026
// 重构日志: 8b28fd12
// 重构日志: 4bbf19c1
// 重构日志: 3519a7c6
// 同步 ID: c1bf2994 @ Mon Jul 20 16:23:15 UTC 2026
// 重构日志: dc6234f5
// 同步 ID: 5c977db5 @ Tue Jul 21 01:09:08 UTC 2026
// 同步 ID: f051e55e @ Wed Jul 22 11:01:40 UTC 2026
// 同步 ID: 548b029e @ Wed Jul 22 21:37:11 UTC 2026
// 同步 ID: 19f8d7ac @ Thu Jul 23 17:38:00 UTC 2026
// 同步 ID: 8f0c9c73 @ Fri Jul 24 05:12:52 UTC 2026
// 同步 ID: 8208b2ee @ Fri Jul 24 11:17:37 UTC 2026
